\BOOKMARK [0][-]{chapter.1}{\376\377\0001\000\040\000I\000n\000d\000i\000c\000e\000\040\000d\000e\000\040\000a\000r\000c\000h\000i\000v\000o\000s}{}% 1
\BOOKMARK [1][-]{section.1.1}{\376\377\0001\000.\0001\000\040\000L\000i\000s\000t\000a\000\040\000d\000e\000\040\000a\000r\000c\000h\000i\000v\000o\000s}{chapter.1}% 2
\BOOKMARK [0][-]{chapter.2}{\376\377\0002\000\040\000D\000o\000c\000u\000m\000e\000n\000t\000a\000c\000i\000\363\000n\000\040\000d\000e\000\040\000a\000r\000c\000h\000i\000v\000o\000s}{}% 3
\BOOKMARK [1][-]{section.2.1}{\376\377\0002\000.\0001\000\040\000R\000e\000f\000e\000r\000e\000n\000c\000i\000a\000\040\000d\000e\000l\000\040\000A\000r\000c\000h\000i\000v\000o\000\040\000p\000r\000o\000j\000e\000c\000t\000s\000/\000B\000o\000b\000i\000n\000a\000d\000o\000r\000a\000/\000s\000r\000c\000/\000B\000o\000b\000i\000n\000a\000d\000o\000r\000a\000.\000c}{chapter.2}% 4
\BOOKMARK [2][-]{subsection.2.1.1}{\376\377\0002\000.\0001\000.\0001\000\040\000D\000o\000c\000u\000m\000e\000n\000t\000a\000c\000i\000\363\000n\000\040\000d\000e\000\040\000l\000o\000s\000\040\000\047\000d\000e\000f\000i\000n\000e\000s\000\047}{section.2.1}% 5
\BOOKMARK [3][-]{subsubsection.2.1.1.1}{\376\377\0002\000.\0001\000.\0001\000.\0001\000\040\000D\000E\000R\000E\000C\000H\000A}{subsection.2.1.1}% 6
\BOOKMARK [3][-]{subsubsection.2.1.1.2}{\376\377\0002\000.\0001\000.\0001\000.\0002\000\040\000I\000Z\000Q\000U\000I\000E\000R\000D\000A}{subsection.2.1.1}% 7
\BOOKMARK [3][-]{subsubsection.2.1.1.3}{\376\377\0002\000.\0001\000.\0001\000.\0003\000\040\000M\000A\000X\000\137\000D\000I\000G\000I\000T\000O\000S\000\137\000E\000N\000\137\000V\000A\000L\000O\000R\000E\000S}{subsection.2.1.1}% 8
\BOOKMARK [3][-]{subsubsection.2.1.1.4}{\376\377\0002\000.\0001\000.\0001\000.\0004\000\040\000M\000A\000X\000\137\000P\000U\000L\000S\000O\000S\000\137\000A\000V\000A\000N\000C\000E}{subsection.2.1.1}% 9
\BOOKMARK [2][-]{subsection.2.1.2}{\376\377\0002\000.\0001\000.\0002\000\040\000D\000o\000c\000u\000m\000e\000n\000t\000a\000c\000i\000\363\000n\000\040\000d\000e\000\040\000l\000a\000s\000\040\000e\000n\000u\000m\000e\000r\000a\000c\000i\000o\000n\000e\000s}{section.2.1}% 10
\BOOKMARK [3][-]{subsubsection.2.1.2.1}{\376\377\0002\000.\0001\000.\0002\000.\0001\000\040\000b\000o\000b\000\137\000s\000t\000a\000t\000e\000\137\000t}{subsection.2.1.2}% 11
\BOOKMARK [3][-]{subsubsection.2.1.2.2}{\376\377\0002\000.\0001\000.\0002\000.\0002\000\040\000m\000e\000n\000u\000\137\000c\000o\000n\000f\000i\000g\000\137\000t}{subsection.2.1.2}% 12
\BOOKMARK [2][-]{subsection.2.1.3}{\376\377\0002\000.\0001\000.\0003\000\040\000D\000o\000c\000u\000m\000e\000n\000t\000a\000c\000i\000\363\000n\000\040\000d\000e\000\040\000l\000a\000s\000\040\000f\000u\000n\000c\000i\000o\000n\000e\000s}{section.2.1}% 13
\BOOKMARK [3][-]{subsubsection.2.1.3.1}{\376\377\0002\000.\0001\000.\0003\000.\0001\000\040\000B\000o\000b\000i\000n\000a\000d\000o\000r\000a\000M\000E\000F\000I\000n\000i\000t\000\050\000\051}{subsection.2.1.3}% 14
\BOOKMARK [3][-]{subsubsection.2.1.3.2}{\376\377\0002\000.\0001\000.\0003\000.\0002\000\040\000B\000o\000b\000i\000n\000a\000d\000o\000r\000a\000M\000E\000F\000U\000p\000d\000a\000t\000e\000\050\000\051}{subsection.2.1.3}% 15
\BOOKMARK [3][-]{subsubsection.2.1.3.3}{\376\377\0002\000.\0001\000.\0003\000.\0003\000\040\000c\000h\000a\000r\0002\000i\000n\000t\000\050\000\051}{subsection.2.1.3}% 16
\BOOKMARK [3][-]{subsubsection.2.1.3.4}{\376\377\0002\000.\0001\000.\0003\000.\0004\000\040\000C\000o\000n\000t\000r\000o\000l\000M\000o\000t\000o\000r\000B\000o\000b\000i\000n\000a\000d\000o\000r\000\050\000\051}{subsection.2.1.3}% 17
\BOOKMARK [3][-]{subsubsection.2.1.3.5}{\376\377\0002\000.\0001\000.\0003\000.\0005\000\040\000C\000o\000n\000t\000r\000o\000l\000M\000o\000t\000o\000r\000P\000A\000P\000\050\000\051}{subsection.2.1.3}% 18
\BOOKMARK [3][-]{subsubsection.2.1.3.6}{\376\377\0002\000.\0001\000.\0003\000.\0006\000\040\000I\000n\000i\000c\000i\000a\000B\000o\000b\000i\000n\000a\000d\000o\000\050\000\051}{subsection.2.1.3}% 19
\BOOKMARK [3][-]{subsubsection.2.1.3.7}{\376\377\0002\000.\0001\000.\0003\000.\0007\000\040\000K\000e\000y\000p\000a\000d\000T\000o\000I\000n\000t\000\050\000\051}{subsection.2.1.3}% 20
\BOOKMARK [3][-]{subsubsection.2.1.3.8}{\376\377\0002\000.\0001\000.\0003\000.\0008\000\040\000L\000e\000c\000t\000u\000r\000a\000S\000e\000n\000s\000o\000r\000\050\000\051}{subsection.2.1.3}% 21
\BOOKMARK [3][-]{subsubsection.2.1.3.9}{\376\377\0002\000.\0001\000.\0003\000.\0009\000\040\000m\000a\000i\000n\000\050\000\051}{subsection.2.1.3}% 22
\BOOKMARK [3][-]{subsubsection.2.1.3.10}{\376\377\0002\000.\0001\000.\0003\000.\0001\0000\000\040\000M\000e\000n\000s\000a\000j\000e\000B\000i\000e\000n\000v\000e\000n\000i\000d\000a\000\050\000\051}{subsection.2.1.3}% 23
\BOOKMARK [3][-]{subsubsection.2.1.3.11}{\376\377\0002\000.\0001\000.\0003\000.\0001\0001\000\040\000M\000e\000n\000u\000C\000o\000n\000f\000i\000g\000G\000e\000n\000e\000r\000a\000l\000\050\000\051}{subsection.2.1.3}% 24
\BOOKMARK [3][-]{subsubsection.2.1.3.12}{\376\377\0002\000.\0001\000.\0003\000.\0001\0002\000\040\000p\000w\000m\000I\000n\000i\000t\000\050\000\051}{subsection.2.1.3}% 25
\BOOKMARK [3][-]{subsubsection.2.1.3.13}{\376\377\0002\000.\0001\000.\0003\000.\0001\0003\000\040\000R\000e\000p\000e\000t\000i\000r\000B\000o\000b\000i\000n\000a\000d\000o\000\050\000\051}{subsection.2.1.3}% 26
\BOOKMARK [3][-]{subsubsection.2.1.3.14}{\376\377\0002\000.\0001\000.\0003\000.\0001\0004\000\040\000S\000o\000f\000t\000S\000t\000a\000r\000t\000M\000o\000t\000o\000r\000B\000o\000b\000i\000n\000a\000d\000o\000r\000\050\000\051}{subsection.2.1.3}% 27
\BOOKMARK [2][-]{subsection.2.1.4}{\376\377\0002\000.\0001\000.\0004\000\040\000D\000o\000c\000u\000m\000e\000n\000t\000a\000c\000i\000\363\000n\000\040\000d\000e\000\040\000l\000a\000s\000\040\000v\000a\000r\000i\000a\000b\000l\000e\000s}{section.2.1}% 28
\BOOKMARK [3][-]{subsubsection.2.1.4.1}{\376\377\0002\000.\0001\000.\0004\000.\0001\000\040\000B\000o\000b\000i\000n\000a\000d\000o\000r\000S\000t\000a\000t\000e}{subsection.2.1.4}% 29
\BOOKMARK [3][-]{subsubsection.2.1.4.2}{\376\377\0002\000.\0001\000.\0004\000.\0002\000\040\000c\000a\000n\000t\000i\000d\000a\000d\000\137\000c\000a\000p\000a\000s}{subsection.2.1.4}% 30
\BOOKMARK [3][-]{subsubsection.2.1.4.3}{\376\377\0002\000.\0001\000.\0004\000.\0003\000\040\000c\000a\000n\000t\000i\000d\000a\000d\000\137\000e\000s\000p\000i\000r\000a\000s}{subsection.2.1.4}% 31
\BOOKMARK [3][-]{subsubsection.2.1.4.4}{\376\377\0002\000.\0001\000.\0004\000.\0004\000\040\000c\000o\000n\000v\000\137\000t\000a\000b\000l\000e}{subsection.2.1.4}% 32
\BOOKMARK [3][-]{subsubsection.2.1.4.5}{\376\377\0002\000.\0001\000.\0004\000.\0005\000\040\000D\000e\000l\000a\000y\0001}{subsection.2.1.4}% 33
\BOOKMARK [3][-]{subsubsection.2.1.4.6}{\376\377\0002\000.\0001\000.\0004\000.\0006\000\040\000D\000e\000l\000a\000y\0001\0000\0000\000m\000s}{subsection.2.1.4}% 34
\BOOKMARK [3][-]{subsubsection.2.1.4.7}{\376\377\0002\000.\0001\000.\0004\000.\0007\000\040\000D\000e\000l\000a\000y\0002}{subsection.2.1.4}% 35
\BOOKMARK [3][-]{subsubsection.2.1.4.8}{\376\377\0002\000.\0001\000.\0004\000.\0008\000\040\000D\000e\000l\000a\000y\0003}{subsection.2.1.4}% 36
\BOOKMARK [3][-]{subsubsection.2.1.4.9}{\376\377\0002\000.\0001\000.\0004\000.\0009\000\040\000d\000i\000a\000m\000e\000t\000r\000o}{subsection.2.1.4}% 37
\BOOKMARK [3][-]{subsubsection.2.1.4.10}{\376\377\0002\000.\0001\000.\0004\000.\0001\0000\000\040\000k\000e\000y\000p\000a\000d}{subsection.2.1.4}% 38
\BOOKMARK [3][-]{subsubsection.2.1.4.11}{\376\377\0002\000.\0001\000.\0004\000.\0001\0001\000\040\000k\000e\000y\000p\000a\000d\000C\000o\000l\000P\000i\000n\000s\0001}{subsection.2.1.4}% 39
\BOOKMARK [3][-]{subsubsection.2.1.4.12}{\376\377\0002\000.\0001\000.\0004\000.\0001\0002\000\040\000k\000e\000y\000p\000a\000d\000R\000o\000w\000P\000i\000n\000s\0001}{subsection.2.1.4}% 40
\BOOKMARK [3][-]{subsubsection.2.1.4.13}{\376\377\0002\000.\0001\000.\0004\000.\0001\0003\000\040\000l\000o\000n\000g\000i\000t\000u\000d}{subsection.2.1.4}% 41
\BOOKMARK [3][-]{subsubsection.2.1.4.14}{\376\377\0002\000.\0001\000.\0004\000.\0001\0004\000\040\000M\000e\000n\000u\000C\000o\000n\000f\000i\000g\000S\000t\000a\000t\000e}{subsection.2.1.4}% 42
\BOOKMARK [3][-]{subsubsection.2.1.4.15}{\376\377\0002\000.\0001\000.\0004\000.\0001\0005\000\040\000v\000a\000l\000o\000r\000P\000W\000M}{subsection.2.1.4}% 43
\BOOKMARK [3][-]{subsubsection.2.1.4.16}{\376\377\0002\000.\0001\000.\0004\000.\0001\0006\000\040\000v\000e\000l\000o\000c\000i\000d\000a\000d}{subsection.2.1.4}% 44
\BOOKMARK [1][-]{section.2.2}{\376\377\0002\000.\0002\000\040\000R\000e\000f\000e\000r\000e\000n\000c\000i\000a\000\040\000d\000e\000l\000\040\000A\000r\000c\000h\000i\000v\000o\000\040\000p\000r\000o\000j\000e\000c\000t\000s\000/\000B\000o\000b\000i\000n\000a\000d\000o\000r\000a\000/\000s\000r\000c\000/\000L\000C\000D\000\137\000I\0002\000C\000\137\000P\000C\000F\0008\0005\0007\0004\000.\000c}{chapter.2}% 45
\BOOKMARK [2][-]{subsection.2.2.1}{\376\377\0002\000.\0002\000.\0001\000\040\000D\000o\000c\000u\000m\000e\000n\000t\000a\000c\000i\000\363\000n\000\040\000d\000e\000\040\000l\000o\000s\000\040\000\047\000d\000e\000f\000i\000n\000e\000s\000\047}{section.2.2}% 46
\BOOKMARK [3][-]{subsubsection.2.2.1.1}{\376\377\0002\000.\0002\000.\0001\000.\0001\000\040\000B\000l}{subsection.2.2.1}% 47
\BOOKMARK [3][-]{subsubsection.2.2.1.2}{\376\377\0002\000.\0002\000.\0001\000.\0002\000\040\000E\000n}{subsection.2.2.1}% 48
\BOOKMARK [3][-]{subsubsection.2.2.1.3}{\376\377\0002\000.\0002\000.\0001\000.\0003\000\040\000L\000C\000D\000\137\0004\000B\000I\000T\000\137\000I\000N\000I\000T}{subsection.2.2.1}% 49
\BOOKMARK [3][-]{subsubsection.2.2.1.4}{\376\377\0002\000.\0002\000.\0001\000.\0004\000\040\000L\000C\000D\000\137\0008\000B\000I\000T\000\137\000I\000N\000I\000T}{subsection.2.2.1}% 50
\BOOKMARK [3][-]{subsubsection.2.2.1.5}{\376\377\0002\000.\0002\000.\0001\000.\0005\000\040\000L\000C\000D\000\137\000A\000D\000D\000R\000E\000S\000S\000\137\000C\000O\000U\000N\000T\000E\000R\000\137\000M\000A\000S\000K}{subsection.2.2.1}% 51
\BOOKMARK [3][-]{subsubsection.2.2.1.6}{\376\377\0002\000.\0002\000.\0001\000.\0006\000\040\000L\000C\000D\000\137\000B\000L\000I\000N\000K\000I\000N\000G\000\137\000O\000F\000F}{subsection.2.2.1}% 52
\BOOKMARK [3][-]{subsubsection.2.2.1.7}{\376\377\0002\000.\0002\000.\0001\000.\0007\000\040\000L\000C\000D\000\137\000B\000L\000I\000N\000K\000I\000N\000G\000\137\000O\000N}{subsection.2.2.1}% 53
\BOOKMARK [3][-]{subsubsection.2.2.1.8}{\376\377\0002\000.\0002\000.\0001\000.\0008\000\040\000L\000C\000D\000\137\000B\000U\000S\000Y\000\137\000F\000L\000A\000G\000\137\000M\000A\000S\000K}{subsection.2.2.1}% 54
\BOOKMARK [3][-]{subsubsection.2.2.1.9}{\376\377\0002\000.\0002\000.\0001\000.\0009\000\040\000L\000C\000D\000\137\000C\000G\000\137\000R\000A\000M\000\137\000A\000D\000D\000R\000E\000S\000S}{subsection.2.2.1}% 55
\BOOKMARK [3][-]{subsubsection.2.2.1.10}{\376\377\0002\000.\0002\000.\0001\000.\0001\0000\000\040\000L\000C\000D\000\137\000C\000G\000\137\000R\000A\000M\000\137\000A\000D\000D\000R\000E\000S\000S\000\137\000M\000A\000S\000K}{subsection.2.2.1}% 56
\BOOKMARK [3][-]{subsubsection.2.2.1.11}{\376\377\0002\000.\0002\000.\0001\000.\0001\0001\000\040\000L\000C\000D\000\137\000C\000L\000E\000A\000R\000\137\000D\000I\000S\000P\000L\000A\000Y}{subsection.2.2.1}% 57
\BOOKMARK [3][-]{subsubsection.2.2.1.12}{\376\377\0002\000.\0002\000.\0001\000.\0001\0002\000\040\000L\000C\000D\000\137\000C\000U\000R\000S\000O\000R\000\137\000O\000F\000F}{subsection.2.2.1}% 58
\BOOKMARK [3][-]{subsubsection.2.2.1.13}{\376\377\0002\000.\0002\000.\0001\000.\0001\0003\000\040\000L\000C\000D\000\137\000C\000U\000R\000S\000O\000R\000\137\000O\000N}{subsection.2.2.1}% 59
\BOOKMARK [3][-]{subsubsection.2.2.1.14}{\376\377\0002\000.\0002\000.\0001\000.\0001\0004\000\040\000L\000C\000D\000\137\000C\000U\000R\000S\000O\000R\000\137\000S\000H\000I\000F\000T}{subsection.2.2.1}% 60
\BOOKMARK [3][-]{subsubsection.2.2.1.15}{\376\377\0002\000.\0002\000.\0001\000.\0001\0005\000\040\000L\000C\000D\000\137\000D\000D\000\137\000R\000A\000M\000\137\000A\000D\000D\000R\000E\000S\000S}{subsection.2.2.1}% 61
\BOOKMARK [3][-]{subsubsection.2.2.1.16}{\376\377\0002\000.\0002\000.\0001\000.\0001\0006\000\040\000L\000C\000D\000\137\000D\000D\000\137\000R\000A\000M\000\137\000A\000D\000D\000R\000E\000S\000S\000\137\000M\000A\000S\000K}{subsection.2.2.1}% 62
\BOOKMARK [3][-]{subsubsection.2.2.1.17}{\376\377\0002\000.\0002\000.\0001\000.\0001\0007\000\040\000L\000C\000D\000\137\000D\000E\000C\000R\000E\000M\000E\000N\000T}{subsection.2.2.1}% 63
\BOOKMARK [3][-]{subsubsection.2.2.1.18}{\376\377\0002\000.\0002\000.\0001\000.\0001\0008\000\040\000L\000C\000D\000\137\000D\000I\000S\000P\000L\000A\000Y\000\137\000O\000F\000F}{subsection.2.2.1}% 64
\BOOKMARK [3][-]{subsubsection.2.2.1.19}{\376\377\0002\000.\0002\000.\0001\000.\0001\0009\000\040\000L\000C\000D\000\137\000D\000I\000S\000P\000L\000A\000Y\000\137\000O\000N}{subsection.2.2.1}% 65
\BOOKMARK [3][-]{subsubsection.2.2.1.20}{\376\377\0002\000.\0002\000.\0001\000.\0002\0000\000\040\000L\000C\000D\000\137\000D\000I\000S\000P\000L\000A\000Y\000\137\000O\000N\000\137\000O\000F\000F}{subsection.2.2.1}% 66
\BOOKMARK [3][-]{subsubsection.2.2.1.21}{\376\377\0002\000.\0002\000.\0001\000.\0002\0001\000\040\000L\000C\000D\000\137\000D\000I\000S\000P\000L\000A\000Y\000\137\000S\000H\000I\000F\000T}{subsection.2.2.1}% 67
\BOOKMARK [3][-]{subsubsection.2.2.1.22}{\376\377\0002\000.\0002\000.\0001\000.\0002\0002\000\040\000L\000C\000D\000\137\000E\000N\000T\000R\000Y\000\137\000M\000O\000D\000E\000\137\000S\000E\000T}{subsection.2.2.1}% 68
\BOOKMARK [3][-]{subsubsection.2.2.1.23}{\376\377\0002\000.\0002\000.\0001\000.\0002\0003\000\040\000L\000C\000D\000\137\000F\000O\000N\000T\000\137\0005\000\137\0001\0000}{subsection.2.2.1}% 69
\BOOKMARK [3][-]{subsubsection.2.2.1.24}{\376\377\0002\000.\0002\000.\0001\000.\0002\0004\000\040\000L\000C\000D\000\137\000F\000O\000N\000T\000\137\0005\000\137\0007}{subsection.2.2.1}% 70
\BOOKMARK [3][-]{subsubsection.2.2.1.25}{\376\377\0002\000.\0002\000.\0001\000.\0002\0005\000\040\000L\000C\000D\000\137\000F\000U\000N\000C\000T\000I\000O\000N\000\137\000S\000E\000T}{subsection.2.2.1}% 71
\BOOKMARK [3][-]{subsubsection.2.2.1.26}{\376\377\0002\000.\0002\000.\0001\000.\0002\0006\000\040\000L\000C\000D\000\137\000I\000N\000C\000R\000E\000M\000E\000N\000T}{subsection.2.2.1}% 72
\BOOKMARK [3][-]{subsubsection.2.2.1.27}{\376\377\0002\000.\0002\000.\0001\000.\0002\0007\000\040\000L\000C\000D\000\137\000I\000N\000I\000T}{subsection.2.2.1}% 73
\BOOKMARK [3][-]{subsubsection.2.2.1.28}{\376\377\0002\000.\0002\000.\0001\000.\0002\0008\000\040\000L\000C\000D\000\137\000I\000N\000T\000F\0004\000B\000I\000T\000S}{subsection.2.2.1}% 74
\BOOKMARK [3][-]{subsubsection.2.2.1.29}{\376\377\0002\000.\0002\000.\0001\000.\0002\0009\000\040\000L\000C\000D\000\137\000I\000N\000T\000F\0008\000B\000I\000T\000S}{subsection.2.2.1}% 75
\BOOKMARK [3][-]{subsubsection.2.2.1.30}{\376\377\0002\000.\0002\000.\0001\000.\0003\0000\000\040\000L\000C\000D\000\137\000L\000I\000N\000E\0001}{subsection.2.2.1}% 76
\BOOKMARK [3][-]{subsubsection.2.2.1.31}{\376\377\0002\000.\0002\000.\0001\000.\0003\0001\000\040\000L\000C\000D\000\137\000L\000I\000N\000E\0002}{subsection.2.2.1}% 77
\BOOKMARK [3][-]{subsubsection.2.2.1.32}{\376\377\0002\000.\0002\000.\0001\000.\0003\0002\000\040\000L\000C\000D\000\137\000L\000I\000N\000E\0003}{subsection.2.2.1}% 78
\BOOKMARK [3][-]{subsubsection.2.2.1.33}{\376\377\0002\000.\0002\000.\0001\000.\0003\0003\000\040\000L\000C\000D\000\137\000L\000I\000N\000E\0004}{subsection.2.2.1}% 79
\BOOKMARK [3][-]{subsubsection.2.2.1.34}{\376\377\0002\000.\0002\000.\0001\000.\0003\0004\000\040\000L\000C\000D\000\137\000M\000A\000X\000\137\000C\000O\000L\000S}{subsection.2.2.1}% 80
\BOOKMARK [3][-]{subsubsection.2.2.1.35}{\376\377\0002\000.\0002\000.\0001\000.\0003\0005\000\040\000L\000C\000D\000\137\000M\000A\000X\000\137\000R\000O\000W\000S}{subsection.2.2.1}% 81
\BOOKMARK [3][-]{subsubsection.2.2.1.36}{\376\377\0002\000.\0002\000.\0001\000.\0003\0006\000\040\000L\000C\000D\000\137\000M\000V\000\137\000C\000U\000R\000\137\000S\000H\000I\000F\000T\000\137\000D\000I\000S\000P\000L\000A\000Y}{subsection.2.2.1}% 82
\BOOKMARK [3][-]{subsubsection.2.2.1.37}{\376\377\0002\000.\0002\000.\0001\000.\0003\0007\000\040\000L\000C\000D\000\137\000O\000N\000E\000\137\000L\000I\000N\000E}{subsection.2.2.1}% 83
\BOOKMARK [3][-]{subsubsection.2.2.1.38}{\376\377\0002\000.\0002\000.\0001\000.\0003\0008\000\040\000L\000C\000D\000\137\000P\000C\000F\0008\0005\0007\0004\000\137\000A\000D\000D\000R}{subsection.2.2.1}% 84
\BOOKMARK [3][-]{subsubsection.2.2.1.39}{\376\377\0002\000.\0002\000.\0001\000.\0003\0009\000\040\000L\000C\000D\000\137\000P\000C\000F\0008\0005\0007\0004\000\137\000W\000E\000A\000K\000\137\000P\000U}{subsection.2.2.1}% 85
\BOOKMARK [3][-]{subsubsection.2.2.1.40}{\376\377\0002\000.\0002\000.\0001\000.\0004\0000\000\040\000L\000C\000D\000\137\000R\000E\000T\000U\000R\000N\000\137\000H\000O\000M\000E}{subsection.2.2.1}% 86
\BOOKMARK [3][-]{subsubsection.2.2.1.41}{\376\377\0002\000.\0002\000.\0001\000.\0004\0001\000\040\000L\000C\000D\000\137\000S\000H\000I\000F\000T\000\137\000L\000E\000F\000T}{subsection.2.2.1}% 87
\BOOKMARK [3][-]{subsubsection.2.2.1.42}{\376\377\0002\000.\0002\000.\0001\000.\0004\0002\000\040\000L\000C\000D\000\137\000S\000H\000I\000F\000T\000\137\000O\000F\000F}{subsection.2.2.1}% 88
\BOOKMARK [3][-]{subsubsection.2.2.1.43}{\376\377\0002\000.\0002\000.\0001\000.\0004\0003\000\040\000L\000C\000D\000\137\000S\000H\000I\000F\000T\000\137\000O\000N}{subsection.2.2.1}% 89
\BOOKMARK [3][-]{subsubsection.2.2.1.44}{\376\377\0002\000.\0002\000.\0001\000.\0004\0004\000\040\000L\000C\000D\000\137\000S\000H\000I\000F\000T\000\137\000R\000I\000G\000H\000T}{subsection.2.2.1}% 90
\BOOKMARK [3][-]{subsubsection.2.2.1.45}{\376\377\0002\000.\0002\000.\0001\000.\0004\0005\000\040\000L\000C\000D\000\137\000T\000W\000O\000\137\000L\000I\000N\000E\000S}{subsection.2.2.1}% 91
\BOOKMARK [3][-]{subsubsection.2.2.1.46}{\376\377\0002\000.\0002\000.\0001\000.\0004\0006\000\040\000R\000s}{subsection.2.2.1}% 92
\BOOKMARK [3][-]{subsubsection.2.2.1.47}{\376\377\0002\000.\0002\000.\0001\000.\0004\0007\000\040\000R\000w}{subsection.2.2.1}% 93
\BOOKMARK [2][-]{subsection.2.2.2}{\376\377\0002\000.\0002\000.\0002\000\040\000D\000o\000c\000u\000m\000e\000n\000t\000a\000c\000i\000\363\000n\000\040\000d\000e\000\040\000l\000a\000s\000\040\000f\000u\000n\000c\000i\000o\000n\000e\000s}{section.2.2}% 94
\BOOKMARK [3][-]{subsubsection.2.2.2.1}{\376\377\0002\000.\0002\000.\0002\000.\0001\000\040\000L\000C\000D\000\137\000I\000n\000i\000t\000\050\000\051}{subsection.2.2.2}% 95
\BOOKMARK [3][-]{subsubsection.2.2.2.2}{\376\377\0002\000.\0002\000.\0002\000.\0002\000\040\000L\000C\000D\000\137\000W\000r\000i\000t\000e\000\137\000C\000h\000a\000r\000\050\000\051}{subsection.2.2.2}% 96
\BOOKMARK [3][-]{subsubsection.2.2.2.3}{\376\377\0002\000.\0002\000.\0002\000.\0003\000\040\000L\000C\000D\000\137\000W\000r\000i\000t\000e\000\137\000S\000t\000r\000\050\000\051}{subsection.2.2.2}% 97
\BOOKMARK [3][-]{subsubsection.2.2.2.4}{\376\377\0002\000.\0002\000.\0002\000.\0004\000\040\000L\000C\000D\000a\000d\000d\000r\000e\000s\000s\000C\000o\000u\000n\000t\000e\000r\000\050\000\051}{subsection.2.2.2}% 98
\BOOKMARK [3][-]{subsubsection.2.2.2.5}{\376\377\0002\000.\0002\000.\0002\000.\0005\000\040\000L\000C\000D\000a\000u\000t\000o\000s\000c\000r\000o\000l\000l\000\050\000\051}{subsection.2.2.2}% 99
\BOOKMARK [3][-]{subsubsection.2.2.2.6}{\376\377\0002\000.\0002\000.\0002\000.\0006\000\040\000L\000C\000D\000b\000a\000c\000k\000l\000i\000g\000h\000t\000\050\000\051}{subsection.2.2.2}% 100
\BOOKMARK [3][-]{subsubsection.2.2.2.7}{\376\377\0002\000.\0002\000.\0002\000.\0007\000\040\000L\000C\000D\000b\000l\000i\000n\000k\000O\000f\000f\000\050\000\051}{subsection.2.2.2}% 101
\BOOKMARK [3][-]{subsubsection.2.2.2.8}{\376\377\0002\000.\0002\000.\0002\000.\0008\000\040\000L\000C\000D\000b\000l\000i\000n\000k\000O\000n\000\050\000\051}{subsection.2.2.2}% 102
\BOOKMARK [3][-]{subsubsection.2.2.2.9}{\376\377\0002\000.\0002\000.\0002\000.\0009\000\040\000L\000C\000D\000b\000u\000s\000y\000\050\000\051}{subsection.2.2.2}% 103
\BOOKMARK [3][-]{subsubsection.2.2.2.10}{\376\377\0002\000.\0002\000.\0002\000.\0001\0000\000\040\000L\000C\000D\000c\000l\000e\000a\000r\000\050\000\051}{subsection.2.2.2}% 104
\BOOKMARK [3][-]{subsubsection.2.2.2.11}{\376\377\0002\000.\0002\000.\0002\000.\0001\0001\000\040\000L\000C\000D\000c\000o\000m\000m\000a\000n\000d\000R\000e\000a\000d\000\050\000\051}{subsection.2.2.2}% 105
\BOOKMARK [3][-]{subsubsection.2.2.2.12}{\376\377\0002\000.\0002\000.\0002\000.\0001\0002\000\040\000L\000C\000D\000c\000o\000m\000m\000a\000n\000d\000W\000r\000i\000t\000e\000\050\000\051}{subsection.2.2.2}% 106
\BOOKMARK [3][-]{subsubsection.2.2.2.13}{\376\377\0002\000.\0002\000.\0002\000.\0001\0003\000\040\000L\000C\000D\000c\000r\000e\000a\000t\000e\000C\000h\000a\000r\000\050\000\051}{subsection.2.2.2}% 107
\BOOKMARK [3][-]{subsubsection.2.2.2.14}{\376\377\0002\000.\0002\000.\0002\000.\0001\0004\000\040\000L\000C\000D\000c\000u\000r\000s\000o\000r\000O\000f\000f\000\050\000\051}{subsection.2.2.2}% 108
\BOOKMARK [3][-]{subsubsection.2.2.2.15}{\376\377\0002\000.\0002\000.\0002\000.\0001\0005\000\040\000L\000C\000D\000c\000u\000r\000s\000o\000r\000O\000n\000\050\000\051}{subsection.2.2.2}% 109
\BOOKMARK [3][-]{subsubsection.2.2.2.16}{\376\377\0002\000.\0002\000.\0002\000.\0001\0006\000\040\000L\000C\000D\000d\000a\000t\000a\000R\000e\000a\000d\000\050\000\051}{subsection.2.2.2}% 110
\BOOKMARK [3][-]{subsubsection.2.2.2.17}{\376\377\0002\000.\0002\000.\0002\000.\0001\0007\000\040\000L\000C\000D\000d\000a\000t\000a\000W\000r\000i\000t\000e\000\050\000\051}{subsection.2.2.2}% 111
\BOOKMARK [3][-]{subsubsection.2.2.2.18}{\376\377\0002\000.\0002\000.\0002\000.\0001\0008\000\040\000L\000C\000D\000d\000i\000s\000p\000l\000a\000y\000O\000f\000f\000\050\000\051}{subsection.2.2.2}% 112
\BOOKMARK [3][-]{subsubsection.2.2.2.19}{\376\377\0002\000.\0002\000.\0002\000.\0001\0009\000\040\000L\000C\000D\000d\000i\000s\000p\000l\000a\000y\000O\000n\000\050\000\051}{subsection.2.2.2}% 113
\BOOKMARK [3][-]{subsubsection.2.2.2.20}{\376\377\0002\000.\0002\000.\0002\000.\0002\0000\000\040\000L\000C\000D\000h\000o\000m\000e\000\050\000\051}{subsection.2.2.2}% 114
\BOOKMARK [3][-]{subsubsection.2.2.2.21}{\376\377\0002\000.\0002\000.\0002\000.\0002\0001\000\040\000L\000C\000D\000l\000e\000f\000t\000T\000o\000R\000i\000g\000h\000t\000\050\000\051}{subsection.2.2.2}% 115
\BOOKMARK [3][-]{subsubsection.2.2.2.22}{\376\377\0002\000.\0002\000.\0002\000.\0002\0002\000\040\000L\000C\000D\000n\000o\000A\000u\000t\000o\000s\000c\000r\000o\000l\000l\000\050\000\051}{subsection.2.2.2}% 116
\BOOKMARK [3][-]{subsubsection.2.2.2.23}{\376\377\0002\000.\0002\000.\0002\000.\0002\0003\000\040\000L\000C\000D\000n\000o\000B\000a\000c\000k\000l\000i\000g\000h\000t\000\050\000\051}{subsection.2.2.2}% 117
\BOOKMARK [3][-]{subsubsection.2.2.2.24}{\376\377\0002\000.\0002\000.\0002\000.\0002\0004\000\040\000L\000C\000D\000p\000u\000l\000s\000e\000E\000n\000a\000b\000l\000e\000N\000e\000g\000\050\000\051}{subsection.2.2.2}% 118
\BOOKMARK [3][-]{subsubsection.2.2.2.25}{\376\377\0002\000.\0002\000.\0002\000.\0002\0005\000\040\000L\000C\000D\000p\000u\000l\000s\000e\000E\000n\000a\000b\000l\000e\000P\000o\000s\000\050\000\051}{subsection.2.2.2}% 119
\BOOKMARK [3][-]{subsubsection.2.2.2.26}{\376\377\0002\000.\0002\000.\0002\000.\0002\0006\000\040\000L\000C\000D\000r\000e\000a\000d\0004\000b\000i\000t\000s\000\050\000\051}{subsection.2.2.2}% 120
\BOOKMARK [3][-]{subsubsection.2.2.2.27}{\376\377\0002\000.\0002\000.\0002\000.\0002\0007\000\040\000L\000C\000D\000r\000e\000a\000d\000C\000G\000R\000a\000m\000\050\000\051}{subsection.2.2.2}% 121
\BOOKMARK [3][-]{subsubsection.2.2.2.28}{\376\377\0002\000.\0002\000.\0002\000.\0002\0008\000\040\000L\000C\000D\000r\000e\000a\000d\000D\000D\000R\000a\000m\000\050\000\051}{subsection.2.2.2}% 122
\BOOKMARK [3][-]{subsubsection.2.2.2.29}{\376\377\0002\000.\0002\000.\0002\000.\0002\0009\000\040\000L\000C\000D\000r\000e\000a\000d\000P\000C\000F\0008\0005\0007\0004\000\050\000\051}{subsection.2.2.2}% 123
\BOOKMARK [3][-]{subsubsection.2.2.2.30}{\376\377\0002\000.\0002\000.\0002\000.\0003\0000\000\040\000L\000C\000D\000r\000e\000c\000e\000i\000v\000e\000\050\000\051}{subsection.2.2.2}% 124
\BOOKMARK [3][-]{subsubsection.2.2.2.31}{\376\377\0002\000.\0002\000.\0002\000.\0003\0001\000\040\000L\000C\000D\000r\000i\000g\000h\000t\000T\000o\000L\000e\000f\000t\000\050\000\051}{subsection.2.2.2}% 125
\BOOKMARK [3][-]{subsubsection.2.2.2.32}{\376\377\0002\000.\0002\000.\0002\000.\0003\0002\000\040\000L\000C\000D\000s\000c\000r\000o\000l\000l\000D\000i\000s\000p\000l\000a\000y\000L\000e\000f\000t\000\050\000\051}{subsection.2.2.2}% 126
\BOOKMARK [3][-]{subsubsection.2.2.2.33}{\376\377\0002\000.\0002\000.\0002\000.\0003\0003\000\040\000L\000C\000D\000s\000c\000r\000o\000l\000l\000D\000i\000s\000p\000l\000a\000y\000R\000i\000g\000h\000t\000\050\000\051}{subsection.2.2.2}% 127
\BOOKMARK [3][-]{subsubsection.2.2.2.34}{\376\377\0002\000.\0002\000.\0002\000.\0003\0004\000\040\000L\000C\000D\000s\000e\000n\000d\000\050\000\051}{subsection.2.2.2}% 128
\BOOKMARK [3][-]{subsubsection.2.2.2.35}{\376\377\0002\000.\0002\000.\0002\000.\0003\0005\000\040\000L\000C\000D\000s\000e\000t\000C\000u\000r\000s\000o\000r\000\050\000\051}{subsection.2.2.2}% 129
\BOOKMARK [3][-]{subsubsection.2.2.2.36}{\376\377\0002\000.\0002\000.\0002\000.\0003\0006\000\040\000L\000C\000D\000w\000r\000i\000t\000e\0004\000b\000i\000t\000s\000\050\000\051}{subsection.2.2.2}% 130
\BOOKMARK [3][-]{subsubsection.2.2.2.37}{\376\377\0002\000.\0002\000.\0002\000.\0003\0007\000\040\000L\000C\000D\000w\000r\000i\000t\000e\000P\000C\000F\0008\0005\0007\0004\000\050\000\051}{subsection.2.2.2}% 131
\BOOKMARK [2][-]{subsection.2.2.3}{\376\377\0002\000.\0002\000.\0003\000\040\000D\000o\000c\000u\000m\000e\000n\000t\000a\000c\000i\000\363\000n\000\040\000d\000e\000\040\000l\000a\000s\000\040\000v\000a\000r\000i\000a\000b\000l\000e\000s}{section.2.2}% 132
\BOOKMARK [3][-]{subsubsection.2.2.3.1}{\376\377\0002\000.\0002\000.\0003\000.\0001\000\040\000\137\000b\000a\000c\000k\000l\000i\000g\000h\000t\000v\000a\000l}{subsection.2.2.3}% 133
\BOOKMARK [3][-]{subsubsection.2.2.3.2}{\376\377\0002\000.\0002\000.\0003\000.\0002\000\040\000\137\000d\000i\000s\000p\000l\000a\000y\000c\000o\000n\000t\000r\000o\000l}{subsection.2.2.3}% 134
\BOOKMARK [3][-]{subsubsection.2.2.3.3}{\376\377\0002\000.\0002\000.\0003\000.\0003\000\040\000\137\000d\000i\000s\000p\000l\000a\000y\000f\000u\000n\000c\000t\000i\000o\000n}{subsection.2.2.3}% 135
\BOOKMARK [3][-]{subsubsection.2.2.3.4}{\376\377\0002\000.\0002\000.\0003\000.\0004\000\040\000\137\000e\000n\000t\000r\000y\000m\000o\000d\000e\000s\000e\000t}{subsection.2.2.3}% 136
\BOOKMARK [3][-]{subsubsection.2.2.3.5}{\376\377\0002\000.\0002\000.\0003\000.\0005\000\040\000\137\000f\000u\000n\000c\000t\000i\000o\000n\000s\000e\000t}{subsection.2.2.3}% 137
\BOOKMARK [3][-]{subsubsection.2.2.3.6}{\376\377\0002\000.\0002\000.\0003\000.\0006\000\040\000\137\000n\000u\000m\000l\000i\000n\000e\000s}{subsection.2.2.3}% 138
\BOOKMARK [0][-]{section*.9}{\376\377\000\315\000n\000d\000i\000c\000e}{}% 139
